Build started 2/9/2014 8:28:15 PM.
     1>Project "C:\git\JigsawPuzzle\JigsawPuzzle\JigsawPuzzle.vcxproj" on node 2 (Rebuild target(s)).
     1>ClCompile:
         C:\Program Files (x86)\Microsoft Visual Studio 10.0\VC\bin\CL.exe /c /ZI /nologo /W3 /WX- /Od /Oy- /D WIN32 /D _DEBUG /D _WINDOWS /D _UNICODE /D UNICODE /Gm /EHsc /RTC1 /MDd /GS /fp:precise /Zc:wchar_t /Zc:forScope /Yc"StdAfx.h" /Fp"Debug\JigsawPuzzle.pch" /Fo"Debug\\" /Fd"Debug\vc100.pdb" /Gd /TP /analyze- /errorReport:prompt stdafx.cpp
         stdafx.cpp
         C:\Program Files (x86)\Microsoft Visual Studio 10.0\VC\bin\CL.exe /c /ZI /nologo /W3 /WX- /Od /Oy- /D WIN32 /D _DEBUG /D _WINDOWS /D _UNICODE /D UNICODE /Gm /EHsc /RTC1 /MDd /GS /fp:precise /Zc:wchar_t /Zc:forScope /Yu"StdAfx.h" /Fp"Debug\JigsawPuzzle.pch" /Fo"Debug\\" /Fd"Debug\vc100.pdb" /Gd /TP /analyze- /errorReport:prompt JigsawPuzzle.cpp JPMiniGame.cpp MiniGame.cpp WindowsGameRuntime.cpp
         WindowsGameRuntime.cpp
         MiniGame.cpp
         JPMiniGame.cpp
     1>c:\git\jigsawpuzzle\jigsawpuzzle\jpminigame.cpp(16): error C2723: 'JPMiniGame::~JPMiniGame' : 'override' storage-class specifier illegal on function definition
     1>c:\git\jigsawpuzzle\jigsawpuzzle\jpminigame.cpp(23): warning C4244: 'argument' : conversion from 'time_t' to 'unsigned int', possible loss of data
         JigsawPuzzle.cpp
         Generating Code...
     1>c:\git\jigsawpuzzle\jigsawpuzzle\windowsgameruntime.cpp(15): error C4716: 'WindowsGameRuntime::GetWidth' : must return a value
     1>c:\git\jigsawpuzzle\jigsawpuzzle\windowsgameruntime.cpp(19): error C4716: 'WindowsGameRuntime::GetHeight' : must return a value
     1>Done Building Project "C:\git\JigsawPuzzle\JigsawPuzzle\JigsawPuzzle.vcxproj" (Rebuild target(s)) -- FAILED.

Build FAILED.

Time Elapsed 00:00:05.19
